2019-11-06 13:58:03,121 - bilibili - INFO - [do_prepare] start_url=https://api.bilibili.com/x/web-interface/view?aid=46525094
2019-11-06 13:58:03,589 - bilibili - INFO - [do_prepare] 视频的aid:46525094   视频的标题:144集英文动画童话故事高清合集少儿英语儿童启蒙英语睡前故事英式英语听力磨耳朵的好素材MyPinguTV带英文字幕【EnglishTube】
2019-11-06 13:58:03,590 - bilibili - INFO - [do_prepare] 数据获取完成，开始格式化所需数据...
2019-11-06 13:58:15,603 - bilibili - INFO - [start_download] TheUglyDucklingStory 是单个视频.
2019-11-06 13:58:15,656 - bilibili - INFO - [start_download] BeautyandtheBeastStory 是单个视频.
2019-11-06 13:58:15,724 - bilibili - INFO - [start_download] MulanStoryinEnglish 是单个视频.
2019-11-06 13:58:15,788 - bilibili - INFO - [start_download] Alibabaand40Thieves 是单个视频.
2019-11-06 13:58:15,880 - bilibili - INFO - [start_download] CinderellaStory 是单个视频.
2019-11-06 13:58:15,938 - bilibili - INFO - [start_download] ALittleMouseWhoWasPrincess 是单个视频.
2019-11-06 13:58:15,992 - bilibili - INFO - [start_download] ARewardforHonestyStory 是单个视频.
2019-11-06 13:58:16,021 - bilibili - INFO - [start_download] AladdinandTheMagicLamp 是单个视频.
2019-11-06 13:58:16,062 - bilibili - INFO - [start_download] AliceInWonderlandStory 是单个视频.
2019-11-06 13:58:16,109 - bilibili - INFO - [start_download] BearandTwoFriendsStory 是单个视频.
2019-11-06 13:58:16,163 - bilibili - INFO - [start_download] ElephantAndAntStory 是单个视频.
2019-11-06 13:58:16,304 - bilibili - INFO - [start_download] ElvesandTheShoeMaker 是单个视频.
2019-11-06 13:58:16,454 - bilibili - INFO - [start_download] Emperor'sNewClothes 是单个视频.
2019-11-06 13:58:16,497 - bilibili - INFO - [start_download] FivePeasInPodStory 是单个视频.
2019-11-06 13:58:16,631 - bilibili - INFO - [start_download] FlawlessPrinceStory 是单个视频.
2019-11-06 13:58:16,718 - bilibili - INFO - [start_download] GoldilocksandThreeBearsStory 是单个视频.
2019-11-06 13:58:16,776 - bilibili - INFO - [start_download] Gulliver'sTravelsStory 是单个视频.
2019-11-06 13:58:16,836 - bilibili - INFO - [start_download] HanselandGretel 是单个视频.
2019-11-06 13:58:16,947 - bilibili - INFO - [start_download] HappyPrinceStory 是单个视频.
2019-11-06 13:58:17,006 - bilibili - INFO - [start_download] HeidiStory 是单个视频.
2019-11-06 13:58:17,047 - bilibili - INFO - [start_download] Ida'sLittleFlowersStory 是单个视频.
2019-11-06 13:58:17,173 - bilibili - INFO - [start_download] JackandTheBeanstalkStory 是单个视频.
2019-11-06 13:58:17,375 - bilibili - INFO - [start_download] JorindaAndJorindelStory 是单个视频.
2019-11-06 13:58:17,544 - bilibili - INFO - [start_download] KingMidasTouchStory 是单个视频.
2019-11-06 13:58:17,670 - bilibili - INFO - [start_download] LittleRedRidingHoodStory 是单个视频.
2019-11-06 13:58:17,734 - bilibili - INFO - [start_download] MagicCowStory 是单个视频.
2019-11-06 13:58:17,856 - bilibili - INFO - [start_download] MayaTheBeeStoryInEnglish 是单个视频.
2019-11-06 13:58:17,914 - bilibili - INFO - [start_download] Milkmaid'sDreamStory 是单个视频.
2019-11-06 13:58:18,010 - bilibili - INFO - [start_download] MiserintheBushStory 是单个视频.
2019-11-06 13:58:18,101 - bilibili - INFO - [start_download] NaughtyLittleTom 是单个视频.
2019-11-06 13:58:18,217 - bilibili - INFO - [start_download] PeterPanStory 是单个视频.
2019-11-06 13:58:18,264 - bilibili - INFO - [start_download] PiedPiperOfHamelin 是单个视频.
2019-11-06 13:58:18,412 - bilibili - INFO - [start_download] PinocchioStory 是单个视频.
2019-11-06 13:58:18,495 - bilibili - INFO - [start_download] PrincessRoseandtheGoldenBirdstory 是单个视频.
2019-11-06 13:58:18,541 - bilibili - INFO - [start_download] PussinBootsStory 是单个视频.
2019-11-06 13:58:19,724 - bilibili - INFO - [start_download] RapunzelStory 是单个视频.
2019-11-06 13:58:19,825 - bilibili - INFO - [start_download] RobinHoodStoryinEnglish 是单个视频.
2019-11-06 13:58:19,885 - bilibili - INFO - [start_download] RumpelstiltskinStory 是单个视频.
2019-11-06 13:58:19,989 - bilibili - INFO - [start_download] SinbadtheSailorPart1 是单个视频.
2019-11-06 13:58:20,148 - bilibili - INFO - [start_download] SinbadTheSailorPart2 是单个视频.
2019-11-06 13:58:20,342 - bilibili - INFO - [start_download] SinbadTheSailorPart3 是单个视频.
2019-11-06 13:58:20,389 - bilibili - INFO - [start_download] SleepingBeautyStory 是单个视频.
2019-11-06 13:58:20,424 - bilibili - INFO - [start_download] SnowWhiteandtheSevenDwarfs 是单个视频.
2019-11-06 13:58:20,680 - bilibili - INFO - [start_download] TheAdventureOfTomThumb 是单个视频.
2019-11-06 13:58:20,742 - bilibili - INFO - [start_download] TheAntandtheGrasshopper 是单个视频.
2019-11-06 13:58:20,935 - bilibili - INFO - [start_download] TheBoyswiththeStarsStory 是单个视频.
2019-11-06 13:58:21,005 - bilibili - INFO - [start_download] TheBuddhaandTheHomelessManStory 是单个视频.
2019-11-06 13:58:21,056 - bilibili - INFO - [start_download] TheCapSellerandTheMonkeysStory 是单个视频.
2019-11-06 13:58:21,126 - bilibili - INFO - [start_download] TheCraneAndTheCrabStory 是单个视频.
2019-11-06 13:58:21,208 - bilibili - INFO - [start_download] TheDevilwithThreeGoldenHairs 是单个视频.
2019-11-06 13:58:21,294 - bilibili - INFO - [start_download] TheFirTreeChristmas 是单个视频.
2019-11-06 13:58:21,386 - bilibili - INFO - [start_download] TheFishermanandHisWife 是单个视频.
2019-11-06 13:58:21,955 - bilibili - INFO - [start_download] TheFlyingTrunkStory 是单个视频.
2019-11-06 13:58:22,037 - bilibili - INFO - [start_download] TheFoolishBarberStory 是单个视频.
2019-11-06 13:58:22,290 - bilibili - INFO - [start_download] TheFourBrahminsStory_BedtimeStories_StoriesforKids 是单个视频.
2019-11-06 13:58:22,335 - bilibili - INFO - [start_download] TheFrogPrinceStory 是单个视频.
2019-11-06 13:58:22,454 - bilibili - INFO - [start_download] TheGaloshesofFortune 是单个视频.
2019-11-06 13:58:23,631 - bilibili - INFO - [start_download] TheGingerbreadManStory 是单个视频.
2019-11-06 13:58:23,718 - bilibili - INFO - [start_download] TheGivingTreeStory 是单个视频.
2019-11-06 13:58:24,032 - bilibili - INFO - [start_download] TheGoldenBirdStory 是单个视频.
2019-11-06 13:58:24,147 - bilibili - INFO - [start_download] TheGoldenHeadedFishStory 是单个视频.
2019-11-06 13:58:24,206 - bilibili - INFO - [start_download] TheGoldenPlateStory 是单个视频.
2019-11-06 13:58:24,249 - bilibili - INFO - [start_download] TheGooseGirlStory 是单个视频.
2019-11-06 13:58:24,307 - bilibili - INFO - [start_download] TheGreedyMilkmanStory 是单个视频.
2019-11-06 13:58:24,344 - bilibili - INFO - [start_download] TheHareandThePorcupineStory 是单个视频.
2019-11-06 13:58:24,389 - bilibili - INFO - [start_download] TheIntelligentBuffalo 是单个视频.
2019-11-06 13:58:24,446 - bilibili - INFO - [start_download] TheJungleBookStory 是单个视频.
2019-11-06 13:58:24,509 - bilibili - INFO - [start_download] TheKingOfGoldenMountain 是单个视频.
2019-11-06 13:58:24,547 - bilibili - INFO - [start_download] TheLastLeafStory 是单个视频.
2019-11-06 13:58:24,649 - bilibili - INFO - [start_download] TheLazyBrahminStory_BedtimeStoryforkids_MyPinguTv 是单个视频.
2019-11-06 13:58:24,674 - bilibili - INFO - [start_download] TheLazyDonkeyStory 是单个视频.
2019-11-06 13:58:24,772 - bilibili - INFO - [start_download] TheLazyGirlStory 是单个视频.
2019-11-06 13:58:24,869 - bilibili - INFO - [start_download] TheLittleMatchGirl 是单个视频.
2019-11-06 13:58:24,897 - bilibili - INFO - [start_download] TheLittleMermaidStory 是单个视频.
2019-11-06 13:58:25,007 - bilibili - INFO - [start_download] TheLittleRedHenStory 是单个视频.
2019-11-06 13:58:25,033 - bilibili - INFO - [start_download] TheLittleWomen 是单个视频.
2019-11-06 13:58:25,189 - bilibili - INFO - [start_download] TheLostFairyStory 是单个视频.
2019-11-06 13:58:25,223 - bilibili - INFO - [start_download] TheMagicBedStory 是单个视频.
2019-11-06 13:58:25,335 - bilibili - INFO - [start_download] TheMagicBellStory 是单个视频.
2019-11-06 13:58:25,468 - bilibili - INFO - [start_download] TheMagicCapStory 是单个视频.
2019-11-06 14:04:20,765 - bilibili - INFO - [start_download] TheMagicMirrorStory 是单个视频.
2019-11-06 14:05:32,285 - bilibili - INFO - [start_download] TheMagicPencilStory 是单个视频.
2019-11-06 14:06:23,377 - bilibili - INFO - [start_download] TheMagicPotStory 是单个视频.
2019-11-06 14:10:05,382 - bilibili - INFO - [start_download] TheMonkeyandTheCrocodileStory 是单个视频.
2019-11-06 14:12:47,629 - bilibili - INFO - [start_download] TheMostIncredibleThingStory 是单个视频.
2019-11-06 14:18:11,041 - bilibili - INFO - [start_download] TheMusiciansofBremenstory 是单个视频.
2019-11-06 14:19:32,893 - bilibili - INFO - [start_download] TheNutcrackerStory 是单个视频.
2019-11-06 14:23:53,470 - bilibili - INFO - [start_download] TheOldSultanStory 是单个视频.
2019-11-06 14:24:37,298 - bilibili - INFO - [start_download] ThePinkStory 是单个视频.
2019-11-06 14:25:33,135 - bilibili - INFO - [start_download] ThePrinceandThePauper 是单个视频.
2019-11-06 14:36:06,012 - bilibili - INFO - [start_download] ThePrincessandTheDragon 是单个视频.
2019-11-06 14:37:07,818 - bilibili - INFO - [start_download] ThePrincessAndThePea 是单个视频.
2019-11-06 14:37:44,882 - bilibili - INFO - [start_download] TheProudHorseandTheDonkeyStory 是单个视频.
2019-11-06 14:43:52,026 - bilibili - INFO - [start_download] TheProudRoseStory 是单个视频.
2019-11-06 14:48:26,331 - bilibili - INFO - [start_download] TheProudTreeStory 是单个视频.
2019-11-06 14:52:24,301 - bilibili - INFO - [start_download] TheRedShoesStory 是单个视频.
2019-11-06 14:56:59,094 - bilibili - INFO - [start_download] TheRubyPrinceStory 是单个视频.
2019-11-06 15:01:52,072 - bilibili - INFO - [start_download] TheSaladStory 是单个视频.
2019-11-06 15:02:52,920 - bilibili - INFO - [start_download] TheSaltySea 是单个视频.
2019-11-06 15:05:47,682 - bilibili - INFO - [start_download] TheSelfishGiantStory 是单个视频.
