2019-11-12 14:19:25,947 - bilibili - INFO - [do_prepare] start_url=https://api.bilibili.com/x/web-interface/view?aid=74137590
2019-11-12 14:19:26,430 - bilibili - INFO - [do_prepare] 视频的aid:74137590   视频的标题:108英文版西游记熟悉的故事，不同的感觉精听精学英文字幕JourneytotheWestLevel5【英文动漫】
2019-11-12 14:19:26,431 - bilibili - INFO - [do_prepare] 数据获取完成，开始格式化所需数据...
2019-11-12 14:19:35,215 - bilibili - INFO - [saveJsonFile]
2019-11-12 14:19:35,225 - bilibili - INFO - [start_download] 【西游记^英文版】001TheMonkey 是单个视频.
2019-11-12 14:19:35,261 - bilibili - INFO - [start_download] 【西游记^英文版】002TheWaterfallCave 是单个视频.
2019-11-12 14:19:35,289 - bilibili - INFO - [start_download] 【西游记^英文版】003Subodhi 是单个视频.
2019-11-12 14:19:35,344 - bilibili - INFO - [start_download] 【西游记^英文版】004SecretFormulas 是单个视频.
2019-11-12 14:19:35,387 - bilibili - INFO - [start_download] 【西游记^英文版】005TheDemonofChaos 是单个视频.
2019-11-12 14:19:35,452 - bilibili - INFO - [start_download] 【西游记^英文版】006TheDragonKing 是单个视频.
2019-11-12 14:19:35,519 - bilibili - INFO - [start_download] 【西游记^英文版】007TheLandofDarkness 是单个视频.
2019-11-12 14:19:35,564 - bilibili - INFO - [start_download] 【西游记^英文版】008AJobinHeaven 是单个视频.
2019-11-12 14:19:35,618 - bilibili - INFO - [start_download] 【西游记^英文版】009ThePeachGarden 是单个视频.
2019-11-12 14:19:35,661 - bilibili - INFO - [start_download] 【西游记^英文版】010ThePowerfulSage 是单个视频.
2019-11-12 14:19:35,880 - bilibili - INFO - [start_download] 【西游记^英文版】011TroubleinHeaven 是单个视频.
2019-11-12 14:19:35,909 - bilibili - INFO - [start_download] 【西游记^英文版】012TheBet 是单个视频.
2019-11-12 14:19:35,977 - bilibili - INFO - [start_download] 【西游记^英文版】013TheTrueScriptures 是单个视频.
2019-11-12 14:19:36,007 - bilibili - INFO - [start_download] 【西游记^英文版】014APromisetoProtect 是单个视频.
2019-11-12 14:19:36,070 - bilibili - INFO - [start_download] 【西游记^英文版】015TeawithaDragon 是单个视频.
2019-11-12 14:19:36,137 - bilibili - INFO - [start_download] 【西游记^英文版】016WukongGetsTricked 是单个视频.
2019-11-12 14:19:36,190 - bilibili - INFO - [start_download] 【西游记^英文版】017TheDragonintheRiver 是单个视频.
2019-11-12 14:19:36,222 - bilibili - INFO - [start_download] 【西游记^英文版】018TheRobe 是单个视频.
2019-11-12 14:20:22,882 - bilibili - INFO - [start_download] 【西游记^英文版】019AnEvilPlan 是单个视频.
2019-11-12 14:20:22,967 - bilibili - INFO - [start_download] 【西游记^英文版】020TheBlackBearSpirit 是单个视频.
2019-11-12 14:20:23,032 - bilibili - INFO - [start_download] 【西游记^英文版】021TheMonster'sFriend 是单个视频.
2019-11-12 14:20:23,086 - bilibili - INFO - [start_download] 【西游记^英文版】022AVeryStrangePill 是单个视频.
2019-11-12 14:22:10,354 - bilibili - INFO - [start_download] 【西游记^英文版】023GreatProtectors 是单个视频.
2019-11-12 14:24:07,867 - bilibili - INFO - [start_download] 【西游记^英文版】024TheGreatKingYellowWind 是单个视频.
2019-11-12 14:24:57,304 - bilibili - INFO - [start_download] 【西游记^英文版】025PowerfulWindMagic 是单个视频.
2019-11-12 14:25:44,259 - bilibili - INFO - [start_download] 【西游记^英文版】026TheMonsterintheRiver 是单个视频.
2019-11-12 14:26:27,597 - bilibili - INFO - [start_download] 【西游记^英文版】027TheGinsengFruit 是单个视频.
2019-11-12 14:27:17,464 - bilibili - INFO - [start_download] 【西游记^英文版】028WukongLeavesHisBody 是单个视频.
2019-11-12 14:27:33,033 - bilibili - INFO - [start_download] 【西游记^英文版】029TheMagicSleeve 是单个视频.
2019-11-12 14:29:05,911 - bilibili - INFO - [start_download] 【西游记^英文版】030TheFryingPan 是单个视频.
2019-11-12 14:29:05,976 - bilibili - INFO - [start_download] 【西游记^英文版】031Guanyin'sVase 是单个视频.
2019-11-12 14:30:41,351 - bilibili - INFO - [start_download] 【西游记^英文版】032LadyWhitebone 是单个视频.
2019-11-12 14:32:50,023 - bilibili - INFO - [start_download] 【西游记^英文版】033BajieTakesaNap 是单个视频.
2019-11-12 14:33:08,276 - bilibili - INFO - [start_download] 【西游记^英文版】034TrickedbythePrincess 是单个视频.
2019-11-12 14:35:13,879 - bilibili - INFO - [start_download] 【西游记^英文版】035AVisittotheKing 是单个视频.
2019-11-12 14:36:01,350 - bilibili - INFO - [start_download] 【西游记^英文版】036TrickedAgain 是单个视频.
2019-11-12 14:38:05,957 - bilibili - INFO - [start_download] 【西游记^英文版】037MissingfromHeaven 是单个视频.
2019-11-12 14:40:06,171 - bilibili - INFO - [start_download] 【西游记^英文版】038BajieTriestoSleep 是单个视频.
2019-11-12 14:40:54,983 - bilibili - INFO - [start_download] 【西游记^英文版】039TheInjuredMonk 是单个视频.
2019-11-12 14:41:38,620 - bilibili - INFO - [start_download] 【西游记^英文版】040TheMagicGourd 是单个视频.
2019-11-12 14:41:38,656 - bilibili - INFO - [start_download] 【西游记^英文版】041ATrade 是单个视频.
2019-11-12 14:43:42,575 - bilibili - INFO - [start_download] 【西游记^英文版】042SunKongwu 是单个视频.
2019-11-12 14:44:30,808 - bilibili - INFO - [start_download] 【西游记^英文版】043AVisitfromLaozi 是单个视频.
2019-11-12 14:44:47,351 - bilibili - INFO - [start_download] 【西游记^英文版】044TheKing'sGhost 是单个视频.
2019-11-12 14:45:36,742 - bilibili - INFO - [start_download] 【西游记^英文版】045TheTreasureintheWell 是单个视频.
2019-11-12 14:48:08,325 - bilibili - INFO - [start_download] 【西游记^英文版】046OneThousandPills 是单个视频.
2019-11-12 14:50:12,921 - bilibili - INFO - [start_download] 【西游记^英文版】047TwoTangMonks 是单个视频.
2019-11-12 14:52:14,593 - bilibili - INFO - [start_download] 【西游记^英文版】048TheScaredBoy 是单个视频.
2019-11-12 14:53:01,923 - bilibili - INFO - [start_download] 【西游记^英文版】049RedBoy 是单个视频.
2019-11-12 14:53:45,857 - bilibili - INFO - [start_download] 【西游记^英文版】050MagicFire 是单个视频.
2019-11-12 14:54:29,525 - bilibili - INFO - [start_download] 【西游记^英文版】051GuanyinBecomesAngry 是单个视频.
2019-11-12 14:55:17,506 - bilibili - INFO - [start_download] 【西游记^英文版】052AnOceanfromaVase 是单个视频.
2019-11-12 14:56:02,274 - bilibili - INFO - [start_download] 【西游记^英文版】053TheManintheCanoe 是单个视频.
2019-11-12 14:56:48,915 - bilibili - INFO - [start_download] 【西游记^英文版】054TheRiverGod 是单个视频.
2019-11-12 14:58:18,917 - bilibili - INFO - [start_download] 【西游记^英文版】055TheMonksandtheCart 是单个视频.
2019-11-12 15:00:21,726 - bilibili - INFO - [start_download] 【西游记^英文版】056TheTigerImmortal 是单个视频.
2019-11-12 15:00:21,787 - bilibili - INFO - [start_download] 【西游记^英文版】057AGuessingGame 是单个视频.
2019-11-12 15:01:55,767 - bilibili - INFO - [start_download] 【西游记^英文版】058TheMeditationContest 是单个视频.
2019-11-12 15:02:42,351 - bilibili - INFO - [start_download] 【西游记^英文版】059ScaredVillagers 是单个视频.
2019-11-12 15:03:28,859 - bilibili - INFO - [start_download] 【西游记^英文版】060Snow! 是单个视频.
2019-11-12 15:05:06,245 - bilibili - INFO - [start_download] 【西游记^英文版】061TheDemonundertheIce 是单个视频.
2019-11-12 15:06:38,715 - bilibili - INFO - [start_download] 【西游记^英文版】062TheGoldfishintheBasket 是单个视频.
2019-11-12 15:07:26,132 - bilibili - INFO - [start_download] 【西游记^英文版】063AQuestionforBuddha 是单个视频.
2019-11-12 15:09:24,406 - bilibili - INFO - [start_download] 【西游记^英文版】064MagnificentSilkVests 是单个视频.
2019-11-12 15:10:10,955 - bilibili - INFO - [start_download] 【西游记^英文版】065TheMetalRing 是单个视频.
2019-11-12 15:10:58,030 - bilibili - INFO - [start_download] 【西游记^英文版】066HelpfromHeaven 是单个视频.
2019-11-12 15:13:02,536 - bilibili - INFO - [start_download] 【西游记^英文版】067TheMasterThief 是单个视频.
2019-11-12 15:13:18,276 - bilibili - INFO - [start_download] 【西游记^英文版】068TheWomanintheCrowd 是单个视频.
2019-11-12 15:14:03,495 - bilibili - INFO - [start_download] 【西游记^英文版】069TheStabbingPain 是单个视频.
2019-11-12 15:15:44,189 - bilibili - INFO - [start_download] 【西游记^英文版】070TheStarLord 是单个视频.
2019-11-12 15:15:59,143 - bilibili - INFO - [start_download] 【西游记^英文版】071Money 是单个视频.
2019-11-12 15:18:03,822 - bilibili - INFO - [start_download] 【西游记^英文版】072ASurpriseattheFruitandFlowerMountain 是单个视频.
2019-11-12 15:18:49,467 - bilibili - INFO - [start_download] 【西游记^英文版】073TwoWukongs 是单个视频.
2019-11-12 15:20:28,766 - bilibili - INFO - [start_download] 【西游记^英文版】074CuriousEar 是单个视频.
2019-11-12 15:21:12,210 - bilibili - INFO - [start_download] 【西游记^英文版】075BattleoftheWukongs 是单个视频.
2019-11-12 15:23:16,847 - bilibili - INFO - [start_download] 【西游记^英文版】076TheIronImmortal 是单个视频.
2019-11-12 15:25:38,412 - bilibili - INFO - [start_download] 【西游记^英文版】077TheMagicFan 是单个视频.
2019-11-12 15:26:24,231 - bilibili - INFO - [start_download] 【西游记^英文版】078TrickedAgainandAgain 是单个视频.
2019-11-12 15:27:09,274 - bilibili - INFO - [start_download] 【西游记^英文版】079TheMountainofFlames 是单个视频.
2019-11-12 15:28:39,116 - bilibili - INFO - [start_download] 【西游记^英文版】080TheSmallThunderclapMonastery 是单个视频.
2019-11-12 15:29:16,957 - bilibili - INFO - [start_download] 【西游记^英文版】081HelpfromaDragon 是单个视频.
2019-11-12 15:30:54,311 - bilibili - INFO - [start_download] 【西游记^英文版】082TheMagicCloth 是单个视频.
2019-11-12 15:32:28,417 - bilibili - INFO - [start_download] 【西游记^英文版】083TheMelonField 是单个视频.
2019-11-12 15:34:10,552 - bilibili - INFO - [start_download] 【西游记^英文版】084TheSadKing 是单个视频.
2019-11-12 15:34:54,997 - bilibili - INFO - [start_download] 【西游记^英文版】085FireSmokeandSand 是单个视频.
2019-11-12 15:36:30,934 - bilibili - INFO - [start_download] 【西游记^英文版】086MagicBells 是单个视频.
2019-11-12 15:38:13,492 - bilibili - INFO - [start_download] 【西游记^英文版】087TheThreeYoungWomen 是单个视频.
2019-11-12 15:38:58,877 - bilibili - INFO - [start_download] 【西游记^英文版】088ThePriest'sPlan 是单个视频.
2019-11-12 15:41:03,520 - bilibili - INFO - [start_download] 【西游记^英文版】089ManyEyes 是单个视频.
2019-11-12 15:42:40,043 - bilibili - INFO - [start_download] 【西游记^英文版】090TheDemons'Plan 是单个视频.
2019-11-12 15:43:30,630 - bilibili - INFO - [start_download] 【西游记^英文版】091TheDemonOfficers 是单个视频.
2019-11-12 15:45:40,216 - bilibili - INFO - [start_download] 【西游记^英文版】092TheLionDemon 是单个视频.
2019-11-12 15:47:49,940 - bilibili - INFO - [start_download] 【西游记^英文版】093AProblemfortheLionDemon 是单个视频.
2019-11-12 15:48:39,918 - bilibili - INFO - [start_download] 【西游记^英文版】094TheElephantDemon 是单个视频.
2019-11-12 15:50:48,185 - bilibili - INFO - [start_download] 【西游记^英文版】095TheRaptorDemon 是单个视频.
2019-11-12 15:51:36,242 - bilibili - INFO - [start_download] 【西游记^英文版】096WindandFog 是单个视频.
2019-11-12 15:52:23,847 - bilibili - INFO - [start_download] 【西游记^英文版】097BajieandtheMonster 是单个视频.
2019-11-12 15:54:28,392 - bilibili - INFO - [start_download] 【西游记^英文版】098ThreeFights 是单个视频.
